Determining if the pthread_create exist failed with the following output:
Change Dir: /home/lqdung/catkin_ws/src/build-qtros-Desktop_Qt_5_7_0_GCC_64bit-Default/CMakeFiles/CMakeTmp

Run Build Command:"/usr/bin/make" "cmTC_6e528/fast"
/usr/bin/make -f CMakeFiles/cmTC_6e528.dir/build.make CMakeFiles/cmTC_6e528.dir/build
make[1]: Entering directory '/home/lqdung/catkin_ws/src/build-qtros-Desktop_Qt_5_7_0_GCC_64bit-Default/CMakeFiles/CMakeTmp'
Building C object CMakeFiles/cmTC_6e528.dir/CheckSymbolExists.c.o
/usr/bin/cc     -o CMakeFiles/cmTC_6e528.dir/CheckSymbolExists.c.o   -c /home/lqdung/catkin_ws/src/build-qtros-Desktop_Qt_5_7_0_GCC_64bit-Default/CMakeFiles/CMakeTmp/CheckSymbolExists.c
Linking C executable cmTC_6e528
/usr/bin/cmake -E cmake_link_script CMakeFiles/cmTC_6e528.dir/link.txt --verbose=1
/usr/bin/cc       CMakeFiles/cmTC_6e528.dir/CheckSymbolExists.c.o  -o cmTC_6e528 -rdynamic 
CMakeFiles/cmTC_6e528.dir/CheckSymbolExists.c.o: In function `main':
CheckSymbolExists.c:(.text+0x16): undefined reference to `pthread_create'
collect2: error: ld returned 1 exit status
CMakeFiles/cmTC_6e528.dir/build.make:97: recipe for target 'cmTC_6e528' failed
make[1]: *** [cmTC_6e528] Error 1
make[1]: Leaving directory '/home/lqdung/catkin_ws/src/build-qtros-Desktop_Qt_5_7_0_GCC_64bit-Default/CMakeFiles/CMakeTmp'
Makefile:126: recipe for target 'cmTC_6e528/fast' failed
make: *** [cmTC_6e528/fast] Error 2

File /home/lqdung/catkin_ws/src/build-qtros-Desktop_Qt_5_7_0_GCC_64bit-Default/CMakeFiles/CMakeTmp/CheckSymbolExists.c:
/* */
#include <pthread.h>

int main(int argc, char** argv)
{
  (void)argv;
#ifndef pthread_create
  return ((int*)(&pthread_create))[argc];
#else
  (void)argc;
  return 0;
#endif
}

Determining if the function pthread_create exists in the pthreads failed with the following output:
Change Dir: /home/lqdung/catkin_ws/src/build-qtros-Desktop_Qt_5_7_0_GCC_64bit-Default/CMakeFiles/CMakeTmp

Run Build Command:"/usr/bin/make" "cmTC_640eb/fast"
/usr/bin/make -f CMakeFiles/cmTC_640eb.dir/build.make CMakeFiles/cmTC_640eb.dir/build
make[1]: Entering directory '/home/lqdung/catkin_ws/src/build-qtros-Desktop_Qt_5_7_0_GCC_64bit-Default/CMakeFiles/CMakeTmp'
Building C object CMakeFiles/cmTC_640eb.dir/CheckFunctionExists.c.o
/usr/bin/cc    -DCHECK_FUNCTION_EXISTS=pthread_create   -o CMakeFiles/cmTC_640eb.dir/CheckFunctionExists.c.o   -c /usr/share/cmake-3.5/Modules/CheckFunctionExists.c
Linking C executable cmTC_640eb
/usr/bin/cmake -E cmake_link_script CMakeFiles/cmTC_640eb.dir/link.txt --verbose=1
/usr/bin/cc   -DCHECK_FUNCTION_EXISTS=pthread_create    CMakeFiles/cmTC_640eb.dir/CheckFunctionExists.c.o  -o cmTC_640eb -rdynamic -lpthreads 
/usr/bin/ld: cannot find -lpthreads
collect2: error: ld returned 1 exit status
CMakeFiles/cmTC_640eb.dir/build.make:97: recipe for target 'cmTC_640eb' failed
make[1]: *** [cmTC_640eb] Error 1
make[1]: Leaving directory '/home/lqdung/catkin_ws/src/build-qtros-Desktop_Qt_5_7_0_GCC_64bit-Default/CMakeFiles/CMakeTmp'
Makefile:126: recipe for target 'cmTC_640eb/fast' failed
make: *** [cmTC_640eb/fast] Error 2


Determining if the Q_WS_WIN exist failed with the following output:
Change Dir: /home/lqdung/catkin_ws/src/build-qtros-Desktop_Qt_5_7_0_GCC_64bit-Default/CMakeFiles/CMakeTmp

Run Build Command:"/usr/bin/make" "cmTC_62ce5/fast"
/usr/bin/make -f CMakeFiles/cmTC_62ce5.dir/build.make CMakeFiles/cmTC_62ce5.dir/build
make[1]: Entering directory '/home/lqdung/catkin_ws/src/build-qtros-Desktop_Qt_5_7_0_GCC_64bit-Default/CMakeFiles/CMakeTmp'
Building CXX object CMakeFiles/cmTC_62ce5.dir/CheckSymbolExists.cxx.o
/usr/bin/g++    -I/usr/include/qt4   -o CMakeFiles/cmTC_62ce5.dir/CheckSymbolExists.cxx.o -c /home/lqdung/catkin_ws/src/build-qtros-Desktop_Qt_5_7_0_GCC_64bit-Default/CMakeFiles/CMakeTmp/CheckSymbolExists.cxx
/home/lqdung/catkin_ws/src/build-qtros-Desktop_Qt_5_7_0_GCC_64bit-Default/CMakeFiles/CMakeTmp/CheckSymbolExists.cxx: In function ‘int main(int, char**)’:
/home/lqdung/catkin_ws/src/build-qtros-Desktop_Qt_5_7_0_GCC_64bit-Default/CMakeFiles/CMakeTmp/CheckSymbolExists.cxx:8:19: error: ‘Q_WS_WIN’ was not declared in this scope
   return ((int*)(&Q_WS_WIN))[argc];
                   ^
CMakeFiles/cmTC_62ce5.dir/build.make:65: recipe for target 'CMakeFiles/cmTC_62ce5.dir/CheckSymbolExists.cxx.o' failed
make[1]: *** [CMakeFiles/cmTC_62ce5.dir/CheckSymbolExists.cxx.o] Error 1
make[1]: Leaving directory '/home/lqdung/catkin_ws/src/build-qtros-Desktop_Qt_5_7_0_GCC_64bit-Default/CMakeFiles/CMakeTmp'
Makefile:126: recipe for target 'cmTC_62ce5/fast' failed
make: *** [cmTC_62ce5/fast] Error 2

File /home/lqdung/catkin_ws/src/build-qtros-Desktop_Qt_5_7_0_GCC_64bit-Default/CMakeFiles/CMakeTmp/CheckSymbolExists.cxx:
/* */
#include <QtCore/qglobal.h>

int main(int argc, char** argv)
{
  (void)argv;
#ifndef Q_WS_WIN
  return ((int*)(&Q_WS_WIN))[argc];
#else
  (void)argc;
  return 0;
#endif
}

Determining if the Q_WS_QWS exist failed with the following output:
Change Dir: /home/lqdung/catkin_ws/src/build-qtros-Desktop_Qt_5_7_0_GCC_64bit-Default/CMakeFiles/CMakeTmp

Run Build Command:"/usr/bin/make" "cmTC_6d12b/fast"
/usr/bin/make -f CMakeFiles/cmTC_6d12b.dir/build.make CMakeFiles/cmTC_6d12b.dir/build
make[1]: Entering directory '/home/lqdung/catkin_ws/src/build-qtros-Desktop_Qt_5_7_0_GCC_64bit-Default/CMakeFiles/CMakeTmp'
Building CXX object CMakeFiles/cmTC_6d12b.dir/CheckSymbolExists.cxx.o
/usr/bin/g++    -I/usr/include/qt4   -o CMakeFiles/cmTC_6d12b.dir/CheckSymbolExists.cxx.o -c /home/lqdung/catkin_ws/src/build-qtros-Desktop_Qt_5_7_0_GCC_64bit-Default/CMakeFiles/CMakeTmp/CheckSymbolExists.cxx
/home/lqdung/catkin_ws/src/build-qtros-Desktop_Qt_5_7_0_GCC_64bit-Default/CMakeFiles/CMakeTmp/CheckSymbolExists.cxx: In function ‘int main(int, char**)’:
/home/lqdung/catkin_ws/src/build-qtros-Desktop_Qt_5_7_0_GCC_64bit-Default/CMakeFiles/CMakeTmp/CheckSymbolExists.cxx:8:19: error: ‘Q_WS_QWS’ was not declared in this scope
   return ((int*)(&Q_WS_QWS))[argc];
                   ^
CMakeFiles/cmTC_6d12b.dir/build.make:65: recipe for target 'CMakeFiles/cmTC_6d12b.dir/CheckSymbolExists.cxx.o' failed
make[1]: *** [CMakeFiles/cmTC_6d12b.dir/CheckSymbolExists.cxx.o] Error 1
make[1]: Leaving directory '/home/lqdung/catkin_ws/src/build-qtros-Desktop_Qt_5_7_0_GCC_64bit-Default/CMakeFiles/CMakeTmp'
Makefile:126: recipe for target 'cmTC_6d12b/fast' failed
make: *** [cmTC_6d12b/fast] Error 2

File /home/lqdung/catkin_ws/src/build-qtros-Desktop_Qt_5_7_0_GCC_64bit-Default/CMakeFiles/CMakeTmp/CheckSymbolExists.cxx:
/* */
#include <QtCore/qglobal.h>

int main(int argc, char** argv)
{
  (void)argv;
#ifndef Q_WS_QWS
  return ((int*)(&Q_WS_QWS))[argc];
#else
  (void)argc;
  return 0;
#endif
}

Determining if the Q_WS_MAC exist failed with the following output:
Change Dir: /home/lqdung/catkin_ws/src/build-qtros-Desktop_Qt_5_7_0_GCC_64bit-Default/CMakeFiles/CMakeTmp

Run Build Command:"/usr/bin/make" "cmTC_57d1f/fast"
/usr/bin/make -f CMakeFiles/cmTC_57d1f.dir/build.make CMakeFiles/cmTC_57d1f.dir/build
make[1]: Entering directory '/home/lqdung/catkin_ws/src/build-qtros-Desktop_Qt_5_7_0_GCC_64bit-Default/CMakeFiles/CMakeTmp'
Building CXX object CMakeFiles/cmTC_57d1f.dir/CheckSymbolExists.cxx.o
/usr/bin/g++    -I/usr/include/qt4   -o CMakeFiles/cmTC_57d1f.dir/CheckSymbolExists.cxx.o -c /home/lqdung/catkin_ws/src/build-qtros-Desktop_Qt_5_7_0_GCC_64bit-Default/CMakeFiles/CMakeTmp/CheckSymbolExists.cxx
/home/lqdung/catkin_ws/src/build-qtros-Desktop_Qt_5_7_0_GCC_64bit-Default/CMakeFiles/CMakeTmp/CheckSymbolExists.cxx: In function ‘int main(int, char**)’:
/home/lqdung/catkin_ws/src/build-qtros-Desktop_Qt_5_7_0_GCC_64bit-Default/CMakeFiles/CMakeTmp/CheckSymbolExists.cxx:8:19: error: ‘Q_WS_MAC’ was not declared in this scope
   return ((int*)(&Q_WS_MAC))[argc];
                   ^
CMakeFiles/cmTC_57d1f.dir/build.make:65: recipe for target 'CMakeFiles/cmTC_57d1f.dir/CheckSymbolExists.cxx.o' failed
make[1]: *** [CMakeFiles/cmTC_57d1f.dir/CheckSymbolExists.cxx.o] Error 1
make[1]: Leaving directory '/home/lqdung/catkin_ws/src/build-qtros-Desktop_Qt_5_7_0_GCC_64bit-Default/CMakeFiles/CMakeTmp'
Makefile:126: recipe for target 'cmTC_57d1f/fast' failed
make: *** [cmTC_57d1f/fast] Error 2

File /home/lqdung/catkin_ws/src/build-qtros-Desktop_Qt_5_7_0_GCC_64bit-Default/CMakeFiles/CMakeTmp/CheckSymbolExists.cxx:
/* */
#include <QtCore/qglobal.h>

int main(int argc, char** argv)
{
  (void)argv;
#ifndef Q_WS_MAC
  return ((int*)(&Q_WS_MAC))[argc];
#else
  (void)argc;
  return 0;
#endif
}

